2022-01-21 21:50:57,209 INFO [org.geoserver] - GeoServer configuration lock is enabled
2022-01-21 21:50:57,278 INFO [org.geoserver] - Loading catalog...
2022-01-21 21:50:57,341 INFO [org.geoserver] - Loaded style 'dem'
2022-01-21 21:50:57,342 INFO [org.geoserver] - Loaded style 'burg'
2022-01-21 21:50:57,343 INFO [org.geoserver] - Loaded style 'capitals'
2022-01-21 21:50:57,343 INFO [org.geoserver] - Loaded style 'cite_lakes'
2022-01-21 21:50:57,344 INFO [org.geoserver] - Loaded style 'grass'
2022-01-21 21:50:57,345 INFO [org.geoserver] - Loaded style 'generic'
2022-01-21 21:50:57,346 INFO [org.geoserver] - Loaded style 'green'
2022-01-21 21:50:57,347 INFO [org.geoserver] - Loaded style 'giant_polygon'
2022-01-21 21:50:57,347 INFO [org.geoserver] - Loaded style 'line'
2022-01-21 21:50:57,348 INFO [org.geoserver] - Loaded style 'point'
2022-01-21 21:50:57,349 INFO [org.geoserver] - Loaded style 'poi'
2022-01-21 21:50:57,350 INFO [org.geoserver] - Loaded style 'polygon'
2022-01-21 21:50:57,351 INFO [org.geoserver] - Loaded style 'poly_landmarks'
2022-01-21 21:50:57,351 INFO [org.geoserver] - Loaded style 'population'
2022-01-21 21:50:57,352 INFO [org.geoserver] - Loaded style 'pophatch'
2022-01-21 21:50:57,354 INFO [org.geoserver] - Loaded style 'rain'
2022-01-21 21:50:57,354 INFO [org.geoserver] - Loaded style 'restricted'
2022-01-21 21:50:57,355 INFO [org.geoserver] - Loaded style 'simple_roads'
2022-01-21 21:50:57,357 INFO [org.geoserver] - Loaded style 'raster'
2022-01-21 21:50:57,357 INFO [org.geoserver] - Loaded style 'tiger_roads'
2022-01-21 21:50:57,358 INFO [org.geoserver] - Loaded style 'simple_streams'
2022-01-21 21:50:57,359 INFO [org.geoserver] - Loaded default workspace cite
2022-01-21 21:50:57,387 INFO [org.geoserver] - Loaded workspace 'cite'
2022-01-21 21:50:57,390 INFO [org.geoserver] - Loaded workspace 'it.geosolutions'
2022-01-21 21:50:57,391 INFO [org.geoserver] - Loaded workspace 'sde'
2022-01-21 21:50:57,392 INFO [org.geoserver] - Loaded workspace 'nurc'
2022-01-21 21:50:57,393 INFO [org.geoserver] - Loaded workspace 'topp'
2022-01-21 21:50:57,394 INFO [org.geoserver] - Loaded workspace 'tiger'
2022-01-21 21:50:57,394 INFO [org.geoserver] - Loaded workspace 'sf'
2022-01-21 21:50:57,753 INFO [org.geoserver] - Loaded coverage store 'img_sample2', enabled
2022-01-21 21:50:58,787 INFO [org.geoserver] - Loaded coverage 'Pk50095', enabled
2022-01-21 21:50:58,799 INFO [org.geoserver] - Loaded layer 'Pk50095'
2022-01-21 21:50:58,800 INFO [org.geoserver] - Loaded coverage store 'worldImageSample', enabled
2022-01-21 21:50:58,805 INFO [org.geoserver] - Loaded coverage 'Img_Sample', enabled
2022-01-21 21:50:58,806 INFO [org.geoserver] - Loaded layer 'Img_Sample'
2022-01-21 21:50:58,806 INFO [org.geoserver] - Loaded coverage store 'mosaic', enabled
2022-01-21 21:50:58,812 INFO [org.geoserver] - Loaded coverage 'mosaic', enabled
2022-01-21 21:50:58,813 INFO [org.geoserver] - Loaded layer 'mosaic'
2022-01-21 21:50:58,814 INFO [org.geoserver] - Loaded coverage store 'arcGridSample', enabled
2022-01-21 21:50:58,819 INFO [org.geoserver] - Loaded coverage 'Arc_Sample', enabled
2022-01-21 21:50:58,821 INFO [org.geoserver] - Loaded layer 'Arc_Sample'
2022-01-21 21:50:58,939 INFO [org.geoserver] - Loaded data store 'sf', enabled
2022-01-21 21:50:58,963 INFO [org.geoserver] - Loaded feature type 'archsites', enabled
2022-01-21 21:50:58,964 INFO [org.geoserver] - Loaded layer 'archsites'
2022-01-21 21:50:58,967 INFO [org.geoserver] - Loaded feature type 'bugsites', enabled
2022-01-21 21:50:58,968 INFO [org.geoserver] - Loaded layer 'bugsites'
2022-01-21 21:50:58,971 INFO [org.geoserver] - Loaded feature type 'restricted', enabled
2022-01-21 21:50:58,973 INFO [org.geoserver] - Loaded layer 'restricted'
2022-01-21 21:50:58,976 INFO [org.geoserver] - Loaded feature type 'roads', enabled
2022-01-21 21:50:58,978 INFO [org.geoserver] - Loaded layer 'roads'
2022-01-21 21:50:58,981 INFO [org.geoserver] - Loaded feature type 'streams', enabled
2022-01-21 21:50:58,982 INFO [org.geoserver] - Loaded layer 'streams'
2022-01-21 21:50:58,983 INFO [org.geoserver] - Loaded coverage store 'sfdem', enabled
2022-01-21 21:50:58,987 INFO [org.geoserver] - Loaded coverage 'sfdem', enabled
2022-01-21 21:50:58,988 INFO [org.geoserver] - Loaded layer 'sfdem'
2022-01-21 21:50:58,992 INFO [org.geoserver] - Loaded data store 'nyc', enabled
2022-01-21 21:50:58,997 INFO [org.geoserver] - Loaded feature type 'giant_polygon', enabled
2022-01-21 21:50:58,998 INFO [org.geoserver] - Loaded layer 'giant_polygon'
2022-01-21 21:50:58,999 INFO [org.geoserver] - Loaded feature type 'tiger_roads', enabled
2022-01-21 21:50:59,000 INFO [org.geoserver] - Loaded layer 'tiger_roads'
2022-01-21 21:50:59,002 INFO [org.geoserver] - Loaded feature type 'poly_landmarks', enabled
2022-01-21 21:50:59,003 INFO [org.geoserver] - Loaded layer 'poly_landmarks'
2022-01-21 21:50:59,005 INFO [org.geoserver] - Loaded feature type 'poi', enabled
2022-01-21 21:50:59,005 INFO [org.geoserver] - Loaded layer 'poi'
2022-01-21 21:50:59,011 INFO [org.geoserver] - Loaded data store 'states_shapefile', enabled
2022-01-21 21:50:59,015 INFO [org.geoserver] - Loaded feature type 'states', enabled
2022-01-21 21:50:59,016 INFO [org.geoserver] - Loaded layer 'states'
2022-01-21 21:50:59,019 INFO [org.geoserver] - Loaded data store 'taz_shapes', enabled
2022-01-21 21:50:59,026 INFO [org.geoserver] - Loaded feature type 'tasmania_cities', enabled
2022-01-21 21:50:59,028 INFO [org.geoserver] - Loaded layer 'tasmania_cities'
2022-01-21 21:50:59,030 INFO [org.geoserver] - Loaded feature type 'tasmania_roads', enabled
2022-01-21 21:50:59,030 INFO [org.geoserver] - Loaded layer 'tasmania_roads'
2022-01-21 21:50:59,032 INFO [org.geoserver] - Loaded feature type 'tasmania_state_boundaries', enabled
2022-01-21 21:50:59,032 INFO [org.geoserver] - Loaded layer 'tasmania_state_boundaries'
2022-01-21 21:50:59,034 INFO [org.geoserver] - Loaded feature type 'tasmania_water_bodies', enabled
2022-01-21 21:50:59,035 INFO [org.geoserver] - Loaded layer 'tasmania_water_bodies'
2022-01-21 21:50:59,048 INFO [org.geoserver] - Loaded layer group 'tiger-ny'
2022-01-21 21:50:59,050 INFO [org.geoserver] - Loaded layer group 'spearfish'
2022-01-21 21:50:59,051 INFO [org.geoserver] - Loaded layer group 'tasmania'
2022-01-21 21:50:59,053 INFO [org.geoserver] - Read catalog in 1.774 s
2022-01-21 21:50:59,141 INFO [org.geoserver] - Loaded service 'WMTSInfoImpl-6073c7d6:17e7e312d45:-8000', enabled
2022-01-21 21:50:59,147 INFO [org.geoserver] - Loaded service 'wcs', enabled
2022-01-21 21:50:59,157 INFO [org.geoserver] - Loaded service 'wfs', enabled
2022-01-21 21:50:59,169 INFO [org.geoserver] - Loaded service 'wms', enabled
2022-01-21 21:50:59,194 INFO [config.GeoserverXMLResourceProvider] - Will look for 'geowebcache.xml' in directory 'C:\Users\Niko\Desktop\Out-with-the-Dog\GeoServer\bin\..\data_dir\gwc'.
2022-01-21 21:50:59,279 WARN [config.GeoserverXMLResourceProvider] - Found no configuration file in config directory, will create one at 'gwc/geowebcache.xml' from template jar:file:/C:/Users/Niko/Desktop/Out-with-the-Dog/GeoServer/webapps/geoserver/WEB-INF/lib/gwc-core-1.20.0.jar!/geowebcache_empty.xml
2022-01-21 21:50:59,285 INFO [config.GeoserverXMLResourceProvider] - Found configuration file in gwc
2022-01-21 21:50:59,286 INFO [config.GeoserverXMLResourceProvider] - Found configuration file in gwc
2022-01-21 21:50:59,321 WARN [config.XMLConfiguration] - ********************************************************************************
2022-01-21 21:50:59,322 WARN [config.XMLConfiguration] - *** GWC configuration validation error: cvc-elt.1.a: Cannot find the declaration of element 'gwcConfiguration'.
2022-01-21 21:50:59,323 WARN [config.XMLConfiguration] - *** Will try to use configuration anyway. Please check the order of declared elements against the schema.
2022-01-21 21:50:59,323 WARN [config.XMLConfiguration] - ********************************************************************************
2022-01-21 21:50:59,376 INFO [config.XMLConfiguration] - Initializing GridSets from gwc
2022-01-21 21:50:59,377 INFO [config.XMLConfiguration] - Initializing layers from gwc
2022-01-21 21:50:59,408 INFO [gwc.layer] - Initializing GWC configuration based on GeoServer's Catalog
2022-01-21 21:50:59,408 INFO [gwc.layer] - GeoServer TileLayer store base directory is: gwc-layers
2022-01-21 21:50:59,409 INFO [gwc.layer] - Loading tile layers from gwc-layers
2022-01-21 21:50:59,412 INFO [gwc.layer] - Loaded 0 tile layers in 2.575 ms
2022-01-21 21:50:59,420 INFO [storage.BlobStoreAggregator] - BlobStoreConfiguration gwc contained no blob store infos.
2022-01-21 21:50:59,431 INFO [storage.DefaultStorageFinder] - *******************************************************************************************************************************************************************
2022-01-21 21:50:59,432 INFO [storage.DefaultStorageFinder] - *** Found Java environment variable GEOSERVER_DATA_DIR set to C:/Users/Niko/Desktop/Out-with-the-Dog/GeoServer/bin/../data_dir, using it as the default prefix. ***
2022-01-21 21:50:59,433 INFO [storage.DefaultStorageFinder] - *******************************************************************************************************************************************************************
2022-01-21 21:50:59,492 INFO [gwc.config] - Initializing GeoServer specific GWC configuration from gwc-gs.xml
2022-01-21 21:51:00,231 INFO [config.GeoserverXMLResourceProvider] - Will look for 'geowebcache-diskquota.xml' in directory 'C:\Users\Niko\Desktop\Out-with-the-Dog\GeoServer\bin\..\data_dir\gwc'.
2022-01-21 21:51:00,237 INFO [config.GeoserverXMLResourceProvider] - Will look for 'geowebcache-diskquota-jdbc.xml' in directory 'C:\Users\Niko\Desktop\Out-with-the-Dog\GeoServer\bin\..\data_dir\gwc'.
2022-01-21 21:51:00,239 INFO [diskquota.ConfigLoader] - DiskQuota configuration is not readable: gwc/geowebcache-diskquota.xml
2022-01-21 21:51:00,245 INFO [diskquota.ConfigLoader] - DiskQuota configuration is not readable: gwc/geowebcache-diskquota.xml
2022-01-21 21:51:00,246 INFO [diskquota.DiskQuotaMonitor] - Setting up disk quota periodic enforcement task
2022-01-21 21:51:00,247 INFO [diskquota.DiskQuotaMonitor] - 0 layers configured with their own quotas. 
2022-01-21 21:51:00,248 INFO [diskquota.DiskQuotaMonitor] - 22 layers attached to global quota 500.0 MB
2022-01-21 21:51:00,275 INFO [diskquota.DiskQuotaMonitor] - Disk quota periodic enforcement task set up every 10 SECONDS
2022-01-21 21:51:00,423 INFO [geowebcache.GeoWebCacheDispatcher] - Invoked setServletPrefix(gwc)
2022-01-21 21:51:00,435 INFO [georss.GeoRSSPoller] - Initializing GeoRSS poller in a background job...
2022-01-21 21:51:00,436 INFO [georss.GeoRSSPoller] - No enabled GeoRSS feeds found, poller will not run.
2022-01-21 21:51:00,529 INFO [wms.WMSService] - Will NOT recombine tiles for non-tiling clients.
2022-01-21 21:51:00,529 INFO [wms.WMSService] - Will proxy requests to backend that are not getmap or getcapabilities.
2022-01-21 21:51:02,252 INFO [geoserver.config] - Initiated CatalogTimeStampUpdater
2022-01-21 21:51:02,581 WARN [gce.imagemosaic] - Unable to set ordering between tiff readers spi
2022-01-21 21:51:04,398 INFO [platform.resource] - Notifying ENTRY_CREATE change on C:\Users\Niko\Desktop\Out-with-the-Dog\GeoServer\bin\..\data_dir\gwc-layers. Created: 22, removed: 0, modified: 0
2022-01-21 21:51:05,376 INFO [geoserver.security] - AuthenticationCache Initialized with 1000 Max Entries, 300 seconds idle time, 600 seconds time to live and 3 concurrency level
2022-01-21 21:51:05,377 INFO [geoserver.security] - AuthenticationCache Eviction Task created to run every 600 seconds
2022-01-21 21:51:05,789 INFO [geoserver.security] - Start reloading user/groups for service named default
2022-01-21 21:51:05,795 INFO [geoserver.security] - Reloading user/groups successful for service named default
